Extension "DXF Output" failed to load because a dependency was not met.
Dependency:
  type: executable
  location: path
  string: pstoedit
  description: pstoedit must be installed to run; see http://www.pstoedit.net/pstoedit

Extension "LaTeX" failed to load because a dependency was not met.
Dependency:
  type: executable
  location: path
  string: latex

Extension "LaTeX" failed to load because a dependency was not met.
Dependency:
  type: executable
  location: path
  string: dvips

Extension "LaTeX" failed to load because a dependency was not met.
Dependency:
  type: executable
  location: path
  string: pstoedit

Extension "Sketch Input" failed to load because a dependency was not met.
Dependency:
  type: executable
  location: path
  string: skconvert

