[2019-07-19 12:21:53.234] [sharedprocess] [info] main {"machineId":"3b099a0aba2fd1e9fa4e545e79b2a01db39eedcf48d68ed58708aaa246091960"}
[2019-07-19 12:21:53.798] [sharedprocess] [info] Scanned user extensions: 2
[2019-07-19 12:21:54.707] [sharedprocess] [info] Scanned system extensions: 72
[2019-07-19 12:21:55.053] [sharedprocess] [info] Scanned user extensions: 2
[2019-07-19 12:21:55.054] [sharedprocess] [info] Scanned user extensions: 2
[2019-07-19 12:21:55.181] [sharedprocess] [info] Scanned system extensions: 72
[2019-07-19 12:21:55.190] [sharedprocess] [info] Scanned system extensions: 72
[2019-07-19 12:21:55.289] [sharedprocess] [info] Scanned user extensions: 2
[2019-07-19 12:21:55.365] [sharedprocess] [info] Scanned system extensions: 72
[2019-07-19 12:22:33.221] [sharedprocess] [info] Starting to clean up unused language packs.
[2019-07-19 12:22:38.265] [sharedprocess] [info] Scanned user extensions: 2
[2019-07-19 12:27:38.273] [sharedprocess] [info] Scanned user extensions: 2
[2019-07-19 12:32:38.737] [sharedprocess] [info] Scanned user extensions: 2
[2019-07-19 12:37:39.761] [sharedprocess] [info] Scanned user extensions: 2
[2019-07-19 12:42:40.735] [sharedprocess] [info] Scanned user extensions: 2
[2019-07-19 12:47:41.735] [sharedprocess] [info] Scanned user extensions: 2
[2019-07-19 12:52:42.736] [sharedprocess] [info] Scanned user extensions: 2
[2019-07-19 12:57:43.734] [sharedprocess] [info] Scanned user extensions: 2
[2019-07-19 13:02:44.735] [sharedprocess] [info] Scanned user extensions: 2
[2019-07-19 13:07:45.734] [sharedprocess] [info] Scanned user extensions: 2
[2019-07-19 13:12:46.735] [sharedprocess] [info] Scanned user extensions: 2
[2019-07-19 13:17:47.735] [sharedprocess] [info] Scanned user extensions: 2
[2019-07-19 13:22:48.737] [sharedprocess] [info] Scanned user extensions: 2
[2019-07-19 13:27:49.739] [sharedprocess] [info] Scanned user extensions: 2
[2019-07-19 13:32:50.735] [sharedprocess] [info] Scanned user extensions: 2
[2019-07-19 13:37:51.734] [sharedprocess] [info] Scanned user extensions: 2
[2019-07-19 13:42:52.735] [sharedprocess] [info] Scanned user extensions: 2
[2019-07-19 13:47:53.734] [sharedprocess] [info] Scanned user extensions: 2
[2019-07-19 13:52:54.734] [sharedprocess] [info] Scanned user extensions: 2
[2019-07-19 13:57:55.734] [sharedprocess] [info] Scanned user extensions: 2
[2019-07-19 14:02:56.736] [sharedprocess] [info] Scanned user extensions: 2
[2019-07-19 14:07:57.734] [sharedprocess] [info] Scanned user extensions: 2
[2019-07-19 14:12:58.736] [sharedprocess] [info] Scanned user extensions: 2
[2019-07-19 14:17:59.734] [sharedprocess] [info] Scanned user extensions: 2
[2019-07-19 14:23:00.734] [sharedprocess] [info] Scanned user extensions: 2
[2019-07-19 14:28:01.737] [sharedprocess] [info] Scanned user extensions: 2
[2019-07-19 14:33:02.736] [sharedprocess] [info] Scanned user extensions: 2
[2019-07-19 14:38:03.742] [sharedprocess] [info] Scanned user extensions: 2
[2019-07-19 14:43:04.736] [sharedprocess] [info] Scanned user extensions: 2
[2019-07-19 14:48:05.735] [sharedprocess] [info] Scanned user extensions: 2
[2019-07-19 14:53:06.736] [sharedprocess] [info] Scanned user extensions: 2
[2019-07-19 14:58:07.735] [sharedprocess] [info] Scanned user extensions: 2
[2019-07-19 15:03:08.735] [sharedprocess] [info] Scanned user extensions: 2
[2019-07-19 15:08:09.735] [sharedprocess] [info] Scanned user extensions: 2
[2019-07-19 15:13:10.736] [sharedprocess] [info] Scanned user extensions: 2
[2019-07-19 15:18:11.735] [sharedprocess] [info] Scanned user extensions: 2
[2019-07-19 15:23:12.734] [sharedprocess] [info] Scanned user extensions: 2
[2019-07-19 15:28:13.734] [sharedprocess] [info] Scanned user extensions: 2
[2019-07-19 15:33:14.736] [sharedprocess] [info] Scanned user extensions: 2
[2019-07-19 15:38:15.734] [sharedprocess] [info] Scanned user extensions: 2
[2019-07-19 15:43:16.736] [sharedprocess] [info] Scanned user extensions: 2
[2019-07-19 15:48:17.735] [sharedprocess] [info] Scanned user extensions: 2
[2019-07-19 15:53:18.735] [sharedprocess] [info] Scanned user extensions: 2
[2019-07-19 15:58:19.736] [sharedprocess] [info] Scanned user extensions: 2
[2019-07-19 16:03:20.734] [sharedprocess] [info] Scanned user extensions: 2
[2019-07-19 16:08:21.734] [sharedprocess] [info] Scanned user extensions: 2
[2019-07-19 16:13:22.734] [sharedprocess] [info] Scanned user extensions: 2
[2019-07-19 16:18:23.735] [sharedprocess] [info] Scanned user extensions: 2
[2019-07-19 16:23:24.734] [sharedprocess] [info] Scanned user extensions: 2
[2019-07-19 16:28:25.734] [sharedprocess] [info] Scanned user extensions: 2
[2019-07-19 16:33:26.734] [sharedprocess] [info] Scanned user extensions: 2
[2019-07-19 16:38:27.734] [sharedprocess] [info] Scanned user extensions: 2
[2019-07-19 16:43:28.734] [sharedprocess] [info] Scanned user extensions: 2
[2019-07-19 16:48:29.736] [sharedprocess] [info] Scanned user extensions: 2
[2019-07-19 16:53:30.734] [sharedprocess] [info] Scanned user extensions: 2
[2019-07-19 16:58:31.738] [sharedprocess] [info] Scanned user extensions: 2
[2019-07-19 17:03:32.735] [sharedprocess] [info] Scanned user extensions: 2
[2019-07-19 17:08:33.735] [sharedprocess] [info] Scanned user extensions: 2
[2019-07-19 17:13:34.735] [sharedprocess] [info] Scanned user extensions: 2
[2019-07-19 17:18:35.735] [sharedprocess] [info] Scanned user extensions: 2
[2019-07-19 17:23:36.942] [sharedprocess] [info] Scanned user extensions: 2
[2019-07-19 17:28:37.936] [sharedprocess] [info] Scanned user extensions: 2
[2019-07-19 17:33:38.781] [sharedprocess] [info] Scanned user extensions: 2
[2019-07-19 17:38:39.736] [sharedprocess] [info] Scanned user extensions: 2
[2019-07-19 17:43:40.735] [sharedprocess] [info] Scanned user extensions: 2
[2019-07-19 17:48:41.735] [sharedprocess] [info] Scanned user extensions: 2
[2019-07-19 17:53:42.735] [sharedprocess] [info] Scanned user extensions: 2
[2019-07-19 17:58:43.735] [sharedprocess] [info] Scanned user extensions: 2
[2019-07-19 18:03:44.735] [sharedprocess] [info] Scanned user extensions: 2
[2019-07-19 18:08:45.829] [sharedprocess] [info] Scanned user extensions: 2
[2019-07-19 18:13:47.739] [sharedprocess] [info] Scanned user extensions: 2
[2019-07-19 18:18:48.735] [sharedprocess] [info] Scanned user extensions: 2
[2019-07-19 18:23:49.734] [sharedprocess] [info] Scanned user extensions: 2
[2019-07-19 18:28:50.734] [sharedprocess] [info] Scanned user extensions: 2
[2019-07-19 18:33:51.734] [sharedprocess] [info] Scanned user extensions: 2
[2019-07-19 18:38:52.734] [sharedprocess] [info] Scanned user extensions: 2
[2019-07-19 18:43:53.735] [sharedprocess] [info] Scanned user extensions: 2
[2019-07-19 18:48:54.736] [sharedprocess] [info] Scanned user extensions: 2
[2019-07-19 18:53:55.734] [sharedprocess] [info] Scanned user extensions: 2
[2019-07-19 18:58:56.734] [sharedprocess] [info] Scanned user extensions: 2
[2019-07-19 19:03:57.734] [sharedprocess] [info] Scanned user extensions: 2
[2019-07-19 19:08:58.736] [sharedprocess] [info] Scanned user extensions: 2
[2019-07-19 19:13:59.734] [sharedprocess] [info] Scanned user extensions: 2
[2019-07-19 19:19:00.735] [sharedprocess] [info] Scanned user extensions: 2
[2019-07-19 19:24:01.735] [sharedprocess] [info] Scanned user extensions: 2
[2019-07-19 19:29:02.743] [sharedprocess] [info] Scanned user extensions: 2
[2019-07-19 19:34:03.734] [sharedprocess] [info] Scanned user extensions: 2
[2019-07-19 19:39:06.957] [sharedprocess] [info] Scanned user extensions: 2
[2019-07-19 19:44:08.560] [sharedprocess] [info] Scanned user extensions: 2
[2019-07-19 19:49:08.740] [sharedprocess] [info] Scanned user extensions: 2
[2019-07-19 19:54:09.741] [sharedprocess] [info] Scanned user extensions: 2
[2019-07-19 19:59:10.743] [sharedprocess] [info] Scanned user extensions: 2
[2019-07-19 20:04:10.778] [sharedprocess] [info] Scanned user extensions: 2
[2019-07-19 20:09:11.737] [sharedprocess] [info] Scanned user extensions: 2
[2019-07-19 20:57:12.851] [sharedprocess] [info] Scanned user extensions: 2
[2019-07-19 21:02:14.115] [sharedprocess] [info] Scanned user extensions: 2
[2019-07-19 21:07:14.838] [sharedprocess] [info] Scanned user extensions: 2
[2019-07-19 21:12:15.806] [sharedprocess] [info] Scanned user extensions: 2
[2019-07-19 21:17:15.813] [sharedprocess] [info] Scanned user extensions: 2
[2019-07-19 21:22:16.737] [sharedprocess] [info] Scanned user extensions: 2
[2019-07-19 21:27:17.739] [sharedprocess] [info] Scanned user extensions: 2
[2019-07-19 21:32:18.864] [sharedprocess] [info] Scanned user extensions: 2
[2019-07-19 21:37:19.746] [sharedprocess] [info] Scanned user extensions: 2
[2019-07-19 21:42:20.039] [sharedprocess] [info] Scanned user extensions: 2
[2019-07-19 21:47:20.071] [sharedprocess] [info] Scanned user extensions: 2
[2019-07-19 21:52:20.180] [sharedprocess] [info] Scanned user extensions: 2
[2019-07-19 21:57:20.292] [sharedprocess] [info] Scanned user extensions: 2
[2019-07-19 22:02:20.695] [sharedprocess] [info] Scanned user extensions: 2
[2019-07-19 22:07:20.722] [sharedprocess] [info] Scanned user extensions: 2
[2019-07-19 22:12:20.838] [sharedprocess] [info] Scanned user extensions: 2
[2019-07-19 22:17:20.844] [sharedprocess] [info] Scanned user extensions: 2
[2019-07-19 22:22:21.382] [sharedprocess] [info] Scanned user extensions: 2
[2019-07-19 22:27:21.390] [sharedprocess] [info] Scanned user extensions: 2
[2019-07-19 22:32:21.510] [sharedprocess] [info] Scanned user extensions: 2
[2019-07-19 22:37:21.644] [sharedprocess] [info] Scanned user extensions: 2
[2019-07-19 22:42:21.851] [sharedprocess] [info] Scanned user extensions: 2
[2019-07-19 22:47:21.869] [sharedprocess] [info] Scanned user extensions: 2
[2019-07-19 22:52:21.969] [sharedprocess] [info] Scanned user extensions: 2
[2019-07-19 22:57:22.081] [sharedprocess] [info] Scanned user extensions: 2
[2019-07-19 23:02:22.158] [sharedprocess] [info] Scanned user extensions: 2
[2019-07-19 23:07:22.270] [sharedprocess] [info] Scanned user extensions: 2
[2019-07-19 23:12:22.374] [sharedprocess] [info] Scanned user extensions: 2
[2019-07-19 23:17:22.396] [sharedprocess] [info] Scanned user extensions: 2
[2019-07-19 23:22:22.564] [sharedprocess] [info] Scanned user extensions: 2
[2019-07-19 23:27:22.670] [sharedprocess] [info] Scanned user extensions: 2
[2019-07-19 23:32:22.773] [sharedprocess] [info] Scanned user extensions: 2
[2019-07-19 23:37:22.872] [sharedprocess] [info] Scanned user extensions: 2
[2019-07-19 23:42:23.069] [sharedprocess] [info] Scanned user extensions: 2
[2019-07-19 23:47:23.091] [sharedprocess] [info] Scanned user extensions: 2
[2019-07-19 23:52:23.107] [sharedprocess] [info] Scanned user extensions: 2
[2019-07-19 23:57:23.744] [sharedprocess] [info] Scanned user extensions: 2
[2019-07-20 00:02:23.749] [sharedprocess] [info] Scanned user extensions: 2
[2019-07-20 00:07:23.762] [sharedprocess] [info] Scanned user extensions: 2
[2019-07-20 00:12:23.769] [sharedprocess] [info] Scanned user extensions: 2
[2019-07-20 00:17:23.902] [sharedprocess] [info] Scanned user extensions: 2
[2019-07-20 00:22:23.922] [sharedprocess] [info] Scanned user extensions: 2
[2019-07-20 00:27:24.044] [sharedprocess] [info] Scanned user extensions: 2
[2019-07-20 00:32:24.224] [sharedprocess] [info] Scanned user extensions: 2
[2019-07-20 00:37:25.002] [sharedprocess] [info] Scanned user extensions: 2
[2019-07-20 00:42:25.108] [sharedprocess] [info] Scanned user extensions: 2
[2019-07-20 00:47:25.121] [sharedprocess] [info] Scanned user extensions: 2
[2019-07-20 00:52:25.129] [sharedprocess] [info] Scanned user extensions: 2
[2019-07-20 00:57:25.300] [sharedprocess] [info] Scanned user extensions: 2
[2019-07-20 01:02:25.306] [sharedprocess] [info] Scanned user extensions: 2
[2019-07-20 01:07:25.450] [sharedprocess] [info] Scanned user extensions: 2
[2019-07-20 01:12:25.460] [sharedprocess] [info] Scanned user extensions: 2
[2019-07-20 01:17:25.468] [sharedprocess] [info] Scanned user extensions: 2
[2019-07-20 01:22:25.491] [sharedprocess] [info] Scanned user extensions: 2
[2019-07-20 01:27:25.748] [sharedprocess] [info] Scanned user extensions: 2
[2019-07-20 01:32:25.780] [sharedprocess] [info] Scanned user extensions: 2
[2019-07-20 01:37:26.738] [sharedprocess] [info] Scanned user extensions: 2
[2019-07-20 01:40:41.656] [sharedprocess] [info] Scanned user extensions: 2
[2019-07-20 01:40:42.462] [sharedprocess] [info] Scanned user extensions: 2
[2019-07-20 01:40:42.463] [sharedprocess] [info] Scanned user extensions: 2
[2019-07-20 01:40:42.625] [sharedprocess] [info] Scanned user extensions: 2
[2019-07-20 01:40:45.726] [sharedprocess] [info] Scanned system extensions: 73
[2019-07-20 01:40:45.734] [sharedprocess] [info] Scanned system extensions: 73
[2019-07-20 01:40:45.739] [sharedprocess] [info] Scanned system extensions: 73
[2019-07-20 01:40:45.795] [sharedprocess] [info] Scanned user extensions: 2
[2019-07-20 01:40:45.870] [sharedprocess] [info] Scanned user extensions: 2
[2019-07-20 01:40:46.148] [sharedprocess] [info] Scanned user extensions: 2
[2019-07-20 01:40:46.305] [sharedprocess] [info] Scanned system extensions: 73
[2019-07-20 01:40:46.416] [sharedprocess] [info] Scanned system extensions: 73
[2019-07-20 01:40:46.458] [sharedprocess] [info] Scanned system extensions: 73
[2019-07-20 01:41:07.666] [sharedprocess] [info] Scanned user extensions: 2
[2019-07-20 01:41:07.670] [sharedprocess] [info] Scanned user extensions: 2
[2019-07-20 01:41:07.673] [sharedprocess] [info] Scanned user extensions: 2
[2019-07-20 01:41:07.865] [sharedprocess] [info] Scanned system extensions: 73
[2019-07-20 01:41:07.873] [sharedprocess] [info] Scanned system extensions: 73
[2019-07-20 01:41:07.887] [sharedprocess] [info] Scanned system extensions: 73
[2019-07-20 01:41:07.968] [sharedprocess] [info] Scanned user extensions: 2
[2019-07-20 01:41:07.988] [sharedprocess] [info] Scanned user extensions: 2
[2019-07-20 01:41:07.990] [sharedprocess] [info] Scanned user extensions: 2
[2019-07-20 01:41:08.143] [sharedprocess] [info] Scanned system extensions: 73
[2019-07-20 01:41:08.161] [sharedprocess] [info] Scanned system extensions: 73
[2019-07-20 01:41:08.165] [sharedprocess] [info] Scanned system extensions: 73
[2019-07-20 01:41:24.992] [sharedprocess] [info] Scanned user extensions: 2
[2019-07-20 01:41:24.997] [sharedprocess] [info] Scanned user extensions: 2
[2019-07-20 01:41:25.005] [sharedprocess] [info] Scanned user extensions: 2
[2019-07-20 01:41:25.463] [sharedprocess] [info] Scanned system extensions: 73
[2019-07-20 01:41:25.469] [sharedprocess] [info] Scanned system extensions: 73
[2019-07-20 01:41:25.478] [sharedprocess] [info] Scanned system extensions: 73
[2019-07-20 01:41:25.506] [sharedprocess] [info] Scanned user extensions: 2
[2019-07-20 01:41:25.576] [sharedprocess] [info] Scanned user extensions: 2
[2019-07-20 01:41:25.578] [sharedprocess] [info] Scanned user extensions: 2
[2019-07-20 01:41:25.601] [sharedprocess] [info] Scanned system extensions: 73
[2019-07-20 01:41:25.839] [sharedprocess] [info] Scanned system extensions: 73
[2019-07-20 01:41:25.843] [sharedprocess] [info] Scanned system extensions: 73
[2019-07-20 01:42:26.750] [sharedprocess] [info] Scanned user extensions: 2
[2019-07-20 01:42:50.547] [sharedprocess] [info] Installing extension: ms-python.python
[2019-07-20 01:42:50.567] [sharedprocess] [info] Scanned user extensions: 2
[2019-07-20 01:42:56.550] [sharedprocess] [info] Downloaded extension: ms-python.python /tmp/124737a7-7e3e-4bc0-90a6-660eed132db7
[2019-07-20 01:43:03.884] [sharedprocess] [info] Extracted extension to /home/zubair/.vscode-oss/extensions/.ms-python.python-2019.6.24221: ms-python.python
[2019-07-20 01:43:03.887] [sharedprocess] [info] Renamed to /home/zubair/.vscode-oss/extensions/ms-python.python-2019.6.24221
[2019-07-20 01:43:03.908] [sharedprocess] [info] Installation completed. ms-python.python
[2019-07-20 01:43:03.976] [sharedprocess] [info] Extensions installed successfully: ms-python.python
[2019-07-20 01:47:26.762] [sharedprocess] [info] Scanned user extensions: 3
[2019-07-20 01:52:26.778] [sharedprocess] [info] Scanned user extensions: 3
[2019-07-20 01:57:26.798] [sharedprocess] [info] Scanned user extensions: 3
[2019-07-20 02:02:26.812] [sharedprocess] [info] Scanned user extensions: 3
[2019-07-20 02:07:26.829] [sharedprocess] [info] Scanned user extensions: 3
[2019-07-20 02:12:26.856] [sharedprocess] [info] Scanned user extensions: 3
[2019-07-20 02:17:26.874] [sharedprocess] [info] Scanned user extensions: 3
[2019-07-20 02:22:26.886] [sharedprocess] [info] Scanned user extensions: 3
[2019-07-20 02:27:26.907] [sharedprocess] [info] Scanned user extensions: 3
[2019-07-20 02:32:26.923] [sharedprocess] [info] Scanned user extensions: 3
[2019-07-20 02:37:26.944] [sharedprocess] [info] Scanned user extensions: 3
[2019-07-20 02:42:27.059] [sharedprocess] [info] Scanned user extensions: 3
[2019-07-20 02:47:27.093] [sharedprocess] [info] Scanned user extensions: 3
[2019-07-20 02:52:27.110] [sharedprocess] [info] Scanned user extensions: 3
[2019-07-20 02:57:27.122] [sharedprocess] [info] Scanned user extensions: 3
[2019-07-20 03:02:27.133] [sharedprocess] [info] Scanned user extensions: 3
[2019-07-20 03:07:27.145] [sharedprocess] [info] Scanned user extensions: 3
[2019-07-20 03:12:27.162] [sharedprocess] [info] Scanned user extensions: 3
[2019-07-20 03:17:27.175] [sharedprocess] [info] Scanned user extensions: 3
[2019-07-20 03:22:27.189] [sharedprocess] [info] Scanned user extensions: 3
[2019-07-20 03:27:27.205] [sharedprocess] [info] Scanned user extensions: 3
[2019-07-20 03:32:27.219] [sharedprocess] [info] Scanned user extensions: 3
[2019-07-20 03:37:27.236] [sharedprocess] [info] Scanned user extensions: 3
[2019-07-20 03:42:27.253] [sharedprocess] [info] Scanned user extensions: 3
[2019-07-20 03:47:27.272] [sharedprocess] [info] Scanned user extensions: 3
[2019-07-20 03:49:56.170] [sharedprocess] [info] Installing extension: himanoa.python-autopep8
[2019-07-20 03:49:56.176] [sharedprocess] [info] Scanned user extensions: 3
[2019-07-20 03:49:57.333] [sharedprocess] [info] Downloaded extension: himanoa.python-autopep8 /tmp/230d228f-39d7-4013-a44e-e13cc74a27ad
[2019-07-20 03:49:57.348] [sharedprocess] [info] Extracted extension to /home/zubair/.vscode-oss/extensions/.himanoa.python-autopep8-1.0.2: himanoa.python-autopep8
[2019-07-20 03:49:57.349] [sharedprocess] [info] Renamed to /home/zubair/.vscode-oss/extensions/himanoa.python-autopep8-1.0.2
[2019-07-20 03:49:57.350] [sharedprocess] [info] Installation completed. himanoa.python-autopep8
[2019-07-20 03:49:57.479] [sharedprocess] [info] Extensions installed successfully: himanoa.python-autopep8
[2019-07-20 03:52:27.284] [sharedprocess] [info] Scanned user extensions: 4
[2019-07-20 03:56:21.823] [sharedprocess] [info] Scanned user extensions: 4
[2019-07-20 03:56:21.825] [sharedprocess] [info] Uninstalling extension: himanoa.python-autopep8
[2019-07-20 03:56:21.841] [sharedprocess] [info] Scanned user extensions: 4
[2019-07-20 03:56:21.874] [sharedprocess] [info] Successfully uninstalled extension: himanoa.python-autopep8
[2019-07-20 03:56:25.187] [sharedprocess] [info] Installing extension: himanoa.python-autopep8
[2019-07-20 03:56:25.317] [sharedprocess] [info] Scanned user extensions: 3
[2019-07-20 03:56:25.620] [sharedprocess] [info] Downloaded extension: himanoa.python-autopep8 /tmp/e162d127-f7f6-47d5-ba73-b2ed2ff7a5c1
[2019-07-20 03:56:25.671] [sharedprocess] [info] Removed the extension from uninstalled list: himanoa.python-autopep8
[2019-07-20 03:56:25.680] [sharedprocess] [info] Scanned user extensions: 4
[2019-07-20 03:56:25.681] [sharedprocess] [info] Extensions installed successfully: himanoa.python-autopep8
[2019-07-20 03:57:27.299] [sharedprocess] [info] Scanned user extensions: 4
[2019-07-20 04:02:27.324] [sharedprocess] [info] Scanned user extensions: 4
[2019-07-20 04:07:27.350] [sharedprocess] [info] Scanned user extensions: 4
[2019-07-20 04:12:27.531] [sharedprocess] [info] Scanned user extensions: 4
[2019-07-20 04:17:27.551] [sharedprocess] [info] Scanned user extensions: 4
[2019-07-20 04:22:27.570] [sharedprocess] [info] Scanned user extensions: 4
[2019-07-20 04:27:27.586] [sharedprocess] [info] Scanned user extensions: 4
[2019-07-20 04:32:27.601] [sharedprocess] [info] Scanned user extensions: 4
[2019-07-20 04:37:27.617] [sharedprocess] [info] Scanned user extensions: 4
[2019-07-20 04:42:27.635] [sharedprocess] [info] Scanned user extensions: 4
[2019-07-20 04:47:27.648] [sharedprocess] [info] Scanned user extensions: 4
[2019-07-20 04:52:27.667] [sharedprocess] [info] Scanned user extensions: 4
[2019-07-20 04:57:27.680] [sharedprocess] [info] Scanned user extensions: 4
[2019-07-20 05:02:27.697] [sharedprocess] [info] Scanned user extensions: 4
[2019-07-20 05:07:28.027] [sharedprocess] [info] Scanned user extensions: 4
[2019-07-20 05:12:28.432] [sharedprocess] [info] Scanned user extensions: 4
[2019-07-20 05:17:28.449] [sharedprocess] [info] Scanned user extensions: 4
[2019-07-20 05:22:28.556] [sharedprocess] [info] Scanned user extensions: 4
[2019-07-20 05:27:28.573] [sharedprocess] [info] Scanned user extensions: 4
[2019-07-20 05:32:28.626] [sharedprocess] [info] Scanned user extensions: 4
[2019-07-20 05:37:30.632] [sharedprocess] [info] Scanned user extensions: 4
[2019-07-20 05:42:32.415] [sharedprocess] [info] Scanned user extensions: 4
[2019-07-20 05:47:32.574] [sharedprocess] [info] Scanned user extensions: 4
[2019-07-20 05:52:32.757] [sharedprocess] [info] Scanned user extensions: 4
[2019-07-20 05:57:32.774] [sharedprocess] [info] Scanned user extensions: 4
[2019-07-20 06:02:32.909] [sharedprocess] [info] Scanned user extensions: 4
[2019-07-20 06:07:32.924] [sharedprocess] [info] Scanned user extensions: 4
[2019-07-20 06:12:32.937] [sharedprocess] [info] Scanned user extensions: 4
[2019-07-20 06:17:32.953] [sharedprocess] [info] Scanned user extensions: 4
[2019-07-20 06:22:32.972] [sharedprocess] [info] Scanned user extensions: 4
[2019-07-20 06:27:32.989] [sharedprocess] [info] Scanned user extensions: 4
[2019-07-20 06:32:33.016] [sharedprocess] [info] Scanned user extensions: 4
[2019-07-20 06:37:33.354] [sharedprocess] [info] Scanned user extensions: 4
[2019-07-20 06:42:33.370] [sharedprocess] [info] Scanned user extensions: 4
[2019-07-20 06:47:33.742] [sharedprocess] [info] Scanned user extensions: 4
[2019-07-20 06:52:35.855] [sharedprocess] [info] Scanned user extensions: 4
[2019-07-20 06:57:36.738] [sharedprocess] [info] Scanned user extensions: 4
[2019-07-20 07:02:37.739] [sharedprocess] [info] Scanned user extensions: 4
[2019-07-20 07:07:38.873] [sharedprocess] [info] Scanned user extensions: 4
[2019-07-20 07:12:39.739] [sharedprocess] [info] Scanned user extensions: 4
[2019-07-20 07:17:40.739] [sharedprocess] [info] Scanned user extensions: 4
[2019-07-20 07:22:40.868] [sharedprocess] [info] Scanned user extensions: 4
[2019-07-20 07:27:40.881] [sharedprocess] [info] Scanned user extensions: 4
[2019-07-20 07:32:40.892] [sharedprocess] [info] Scanned user extensions: 4
[2019-07-20 07:37:40.905] [sharedprocess] [info] Scanned user extensions: 4
[2019-07-20 07:42:40.932] [sharedprocess] [info] Scanned user extensions: 4
[2019-07-20 07:47:41.741] [sharedprocess] [info] Scanned user extensions: 4
[2019-07-20 07:52:43.343] [sharedprocess] [info] Scanned user extensions: 4
[2019-07-20 07:57:43.740] [sharedprocess] [info] Scanned user extensions: 4
[2019-07-20 08:02:44.741] [sharedprocess] [info] Scanned user extensions: 4
[2019-07-20 08:07:45.742] [sharedprocess] [info] Scanned user extensions: 4
[2019-07-20 08:12:46.741] [sharedprocess] [info] Scanned user extensions: 4
[2019-07-20 08:17:47.737] [sharedprocess] [info] Scanned user extensions: 4
[2019-07-20 08:22:48.739] [sharedprocess] [info] Scanned user extensions: 4
[2019-07-20 08:27:49.739] [sharedprocess] [info] Scanned user extensions: 4
[2019-07-20 08:32:50.742] [sharedprocess] [info] Scanned user extensions: 4
[2019-07-20 08:37:51.738] [sharedprocess] [info] Scanned user extensions: 4
[2019-07-20 08:42:52.742] [sharedprocess] [info] Scanned user extensions: 4
[2019-07-20 08:47:53.742] [sharedprocess] [info] Scanned user extensions: 4
[2019-07-20 08:52:54.741] [sharedprocess] [info] Scanned user extensions: 4
[2019-07-20 08:57:55.746] [sharedprocess] [info] Scanned user extensions: 4
[2019-07-20 09:02:56.740] [sharedprocess] [info] Scanned user extensions: 4
[2019-07-20 09:07:57.741] [sharedprocess] [info] Scanned user extensions: 4
[2019-07-20 09:12:58.742] [sharedprocess] [info] Scanned user extensions: 4
[2019-07-20 09:17:59.743] [sharedprocess] [info] Scanned user extensions: 4
[2019-07-20 09:23:00.741] [sharedprocess] [info] Scanned user extensions: 4
[2019-07-20 09:28:01.740] [sharedprocess] [info] Scanned user extensions: 4
[2019-07-20 09:33:02.737] [sharedprocess] [info] Scanned user extensions: 4
[2019-07-20 09:38:03.840] [sharedprocess] [info] Scanned user extensions: 4
[2019-07-20 09:43:04.743] [sharedprocess] [info] Scanned user extensions: 4
[2019-07-20 09:48:05.740] [sharedprocess] [info] Scanned user extensions: 4
[2019-07-20 09:53:06.743] [sharedprocess] [info] Scanned user extensions: 4
[2019-07-20 09:58:07.740] [sharedprocess] [info] Scanned user extensions: 4
[2019-07-20 10:03:08.743] [sharedprocess] [info] Scanned user extensions: 4
[2019-07-20 10:08:09.740] [sharedprocess] [info] Scanned user extensions: 4
[2019-07-20 10:13:10.741] [sharedprocess] [info] Scanned user extensions: 4
[2019-07-20 10:18:11.742] [sharedprocess] [info] Scanned user extensions: 4
[2019-07-20 10:23:12.743] [sharedprocess] [info] Scanned user extensions: 4
[2019-07-20 10:28:13.742] [sharedprocess] [info] Scanned user extensions: 4
[2019-07-20 10:33:14.742] [sharedprocess] [info] Scanned user extensions: 4
[2019-07-20 10:38:15.744] [sharedprocess] [info] Scanned user extensions: 4
[2019-07-20 10:43:16.741] [sharedprocess] [info] Scanned user extensions: 4
[2019-07-20 10:48:17.738] [sharedprocess] [info] Scanned user extensions: 4
[2019-07-20 10:53:18.741] [sharedprocess] [info] Scanned user extensions: 4
[2019-07-20 10:58:19.737] [sharedprocess] [info] Scanned user extensions: 4
[2019-07-20 11:03:20.740] [sharedprocess] [info] Scanned user extensions: 4
[2019-07-20 11:08:21.741] [sharedprocess] [info] Scanned user extensions: 4
[2019-07-20 11:13:22.738] [sharedprocess] [info] Scanned user extensions: 4
[2019-07-20 11:18:23.742] [sharedprocess] [info] Scanned user extensions: 4
[2019-07-20 11:23:24.738] [sharedprocess] [info] Scanned user extensions: 4
[2019-07-20 11:28:25.741] [sharedprocess] [info] Scanned user extensions: 4
[2019-07-20 11:33:26.739] [sharedprocess] [info] Scanned user extensions: 4
[2019-07-20 11:38:27.741] [sharedprocess] [info] Scanned user extensions: 4
[2019-07-20 11:43:28.740] [sharedprocess] [info] Scanned user extensions: 4
[2019-07-20 11:48:29.740] [sharedprocess] [info] Scanned user extensions: 4
[2019-07-20 11:53:30.743] [sharedprocess] [info] Scanned user extensions: 4
[2019-07-20 11:58:31.912] [sharedprocess] [info] Scanned user extensions: 4
[2019-07-20 12:03:32.749] [sharedprocess] [info] Scanned user extensions: 4
[2019-07-20 12:08:33.741] [sharedprocess] [info] Scanned user extensions: 4
[2019-07-20 12:13:34.753] [sharedprocess] [info] Scanned user extensions: 4
[2019-07-20 12:18:35.741] [sharedprocess] [info] Scanned user extensions: 4
[2019-07-20 12:23:36.764] [sharedprocess] [info] Scanned user extensions: 4
[2019-07-20 12:28:37.741] [sharedprocess] [info] Scanned user extensions: 4
[2019-07-20 12:33:38.743] [sharedprocess] [info] Scanned user extensions: 4
[2019-07-20 12:38:39.740] [sharedprocess] [info] Scanned user extensions: 4
[2019-07-20 12:43:40.739] [sharedprocess] [info] Scanned user extensions: 4
[2019-07-20 12:48:41.739] [sharedprocess] [info] Scanned user extensions: 4
[2019-07-20 12:53:42.741] [sharedprocess] [info] Scanned user extensions: 4
[2019-07-20 12:58:43.742] [sharedprocess] [info] Scanned user extensions: 4
[2019-07-20 13:03:44.739] [sharedprocess] [info] Scanned user extensions: 4
[2019-07-20 13:08:45.742] [sharedprocess] [info] Scanned user extensions: 4
[2019-07-20 13:13:46.741] [sharedprocess] [info] Scanned user extensions: 4
[2019-07-20 13:18:47.737] [sharedprocess] [info] Scanned user extensions: 4
[2019-07-20 13:23:48.740] [sharedprocess] [info] Scanned user extensions: 4
[2019-07-20 13:28:49.740] [sharedprocess] [info] Scanned user extensions: 4
[2019-07-20 13:33:50.743] [sharedprocess] [info] Scanned user extensions: 4
[2019-07-20 13:38:51.751] [sharedprocess] [info] Scanned user extensions: 4
[2019-07-20 13:43:52.737] [sharedprocess] [info] Scanned user extensions: 4
[2019-07-20 13:48:53.741] [sharedprocess] [info] Scanned user extensions: 4
[2019-07-20 13:53:54.738] [sharedprocess] [info] Scanned user extensions: 4
[2019-07-20 13:58:55.739] [sharedprocess] [info] Scanned user extensions: 4
[2019-07-20 14:03:56.743] [sharedprocess] [info] Scanned user extensions: 4
[2019-07-20 14:08:57.739] [sharedprocess] [info] Scanned user extensions: 4
[2019-07-20 14:13:58.740] [sharedprocess] [info] Scanned user extensions: 4
[2019-07-20 14:18:59.741] [sharedprocess] [info] Scanned user extensions: 4
[2019-07-20 14:24:00.747] [sharedprocess] [info] Scanned user extensions: 4
[2019-07-20 14:29:01.738] [sharedprocess] [info] Scanned user extensions: 4
[2019-07-20 14:34:02.739] [sharedprocess] [info] Scanned user extensions: 4
[2019-07-20 14:39:03.738] [sharedprocess] [info] Scanned user extensions: 4
[2019-07-20 14:44:04.750] [sharedprocess] [info] Scanned user extensions: 4
[2019-07-20 14:49:05.842] [sharedprocess] [info] Scanned user extensions: 4
[2019-07-20 14:54:06.740] [sharedprocess] [info] Scanned user extensions: 4
[2019-07-20 14:59:07.738] [sharedprocess] [info] Scanned user extensions: 4
[2019-07-20 15:04:08.739] [sharedprocess] [info] Scanned user extensions: 4
[2019-07-20 15:09:09.741] [sharedprocess] [info] Scanned user extensions: 4
[2019-07-20 15:14:10.739] [sharedprocess] [info] Scanned user extensions: 4
[2019-07-20 15:19:11.744] [sharedprocess] [info] Scanned user extensions: 4
[2019-07-20 15:24:12.737] [sharedprocess] [info] Scanned user extensions: 4
[2019-07-20 15:29:13.739] [sharedprocess] [info] Scanned user extensions: 4
[2019-07-20 15:34:14.737] [sharedprocess] [info] Scanned user extensions: 4
[2019-07-20 15:39:15.758] [sharedprocess] [info] Scanned user extensions: 4
[2019-07-20 15:44:16.742] [sharedprocess] [info] Scanned user extensions: 4
[2019-07-20 15:49:17.739] [sharedprocess] [info] Scanned user extensions: 4
[2019-07-20 15:54:18.747] [sharedprocess] [info] Scanned user extensions: 4
[2019-07-20 15:59:19.741] [sharedprocess] [info] Scanned user extensions: 4
[2019-07-20 16:04:20.745] [sharedprocess] [info] Scanned user extensions: 4
[2019-07-20 16:09:21.742] [sharedprocess] [info] Scanned user extensions: 4
[2019-07-20 16:14:22.739] [sharedprocess] [info] Scanned user extensions: 4
[2019-07-20 16:19:23.740] [sharedprocess] [info] Scanned user extensions: 4
[2019-07-20 16:24:24.742] [sharedprocess] [info] Scanned user extensions: 4
[2019-07-20 16:29:25.739] [sharedprocess] [info] Scanned user extensions: 4
[2019-07-20 16:34:26.741] [sharedprocess] [info] Scanned user extensions: 4
[2019-07-20 16:39:27.742] [sharedprocess] [info] Scanned user extensions: 4
[2019-07-20 16:44:28.752] [sharedprocess] [info] Scanned user extensions: 4
[2019-07-20 16:49:29.742] [sharedprocess] [info] Scanned user extensions: 4
[2019-07-20 16:54:30.741] [sharedprocess] [info] Scanned user extensions: 4
[2019-07-20 16:59:31.737] [sharedprocess] [info] Scanned user extensions: 4
[2019-07-20 17:04:32.742] [sharedprocess] [info] Scanned user extensions: 4
[2019-07-20 17:09:33.740] [sharedprocess] [info] Scanned user extensions: 4
[2019-07-20 17:14:34.737] [sharedprocess] [info] Scanned user extensions: 4
[2019-07-20 17:19:35.741] [sharedprocess] [info] Scanned user extensions: 4
[2019-07-20 17:24:36.744] [sharedprocess] [info] Scanned user extensions: 4
[2019-07-20 17:29:37.739] [sharedprocess] [info] Scanned user extensions: 4
[2019-07-20 17:34:38.737] [sharedprocess] [info] Scanned user extensions: 4
[2019-07-20 17:39:39.738] [sharedprocess] [info] Scanned user extensions: 4
[2019-07-20 17:44:40.738] [sharedprocess] [info] Scanned user extensions: 4
[2019-07-20 17:49:41.742] [sharedprocess] [info] Scanned user extensions: 4
[2019-07-20 17:54:42.745] [sharedprocess] [info] Scanned user extensions: 4
[2019-07-20 17:59:43.738] [sharedprocess] [info] Scanned user extensions: 4
[2019-07-20 18:04:44.738] [sharedprocess] [info] Scanned user extensions: 4
[2019-07-20 18:09:45.740] [sharedprocess] [info] Scanned user extensions: 4
[2019-07-20 18:14:46.738] [sharedprocess] [info] Scanned user extensions: 4
[2019-07-20 18:19:47.737] [sharedprocess] [info] Scanned user extensions: 4
[2019-07-20 18:24:48.737] [sharedprocess] [info] Scanned user extensions: 4
[2019-07-20 18:29:49.739] [sharedprocess] [info] Scanned user extensions: 4
[2019-07-20 18:34:50.739] [sharedprocess] [info] Scanned user extensions: 4
[2019-07-20 18:39:51.741] [sharedprocess] [info] Scanned user extensions: 4
[2019-07-20 18:44:52.737] [sharedprocess] [info] Scanned user extensions: 4
[2019-07-20 18:49:53.740] [sharedprocess] [info] Scanned user extensions: 4
[2019-07-20 18:54:54.744] [sharedprocess] [info] Scanned user extensions: 4
[2019-07-20 18:59:55.738] [sharedprocess] [info] Scanned user extensions: 4
[2019-07-20 19:04:56.740] [sharedprocess] [info] Scanned user extensions: 4
[2019-07-20 19:09:57.739] [sharedprocess] [info] Scanned user extensions: 4
[2019-07-20 19:14:58.738] [sharedprocess] [info] Scanned user extensions: 4
[2019-07-20 19:19:59.741] [sharedprocess] [info] Scanned user extensions: 4
[2019-07-20 19:25:00.854] [sharedprocess] [info] Scanned user extensions: 4
[2019-07-20 19:30:01.739] [sharedprocess] [info] Scanned user extensions: 4
[2019-07-20 19:35:02.741] [sharedprocess] [info] Scanned user extensions: 4
[2019-07-20 19:40:03.739] [sharedprocess] [info] Scanned user extensions: 4
[2019-07-20 19:45:04.739] [sharedprocess] [info] Scanned user extensions: 4
[2019-07-20 19:50:05.741] [sharedprocess] [info] Scanned user extensions: 4
[2019-07-20 19:55:06.739] [sharedprocess] [info] Scanned user extensions: 4
[2019-07-20 20:00:07.740] [sharedprocess] [info] Scanned user extensions: 4
[2019-07-20 20:05:08.741] [sharedprocess] [info] Scanned user extensions: 4
[2019-07-20 20:10:09.740] [sharedprocess] [info] Scanned user extensions: 4
[2019-07-20 20:15:10.737] [sharedprocess] [info] Scanned user extensions: 4
[2019-07-20 20:20:11.738] [sharedprocess] [info] Scanned user extensions: 4
[2019-07-20 20:25:12.741] [sharedprocess] [info] Scanned user extensions: 4
[2019-07-20 20:30:13.745] [sharedprocess] [info] Scanned user extensions: 4
[2019-07-20 20:35:14.739] [sharedprocess] [info] Scanned user extensions: 4
[2019-07-20 20:40:15.737] [sharedprocess] [info] Scanned user extensions: 4
[2019-07-20 20:45:16.737] [sharedprocess] [info] Scanned user extensions: 4
[2019-07-20 20:50:17.741] [sharedprocess] [info] Scanned user extensions: 4
[2019-07-20 20:55:18.739] [sharedprocess] [info] Scanned user extensions: 4
[2019-07-20 21:00:19.739] [sharedprocess] [info] Scanned user extensions: 4
[2019-07-20 21:05:20.737] [sharedprocess] [info] Scanned user extensions: 4
[2019-07-20 21:10:21.738] [sharedprocess] [info] Scanned user extensions: 4
[2019-07-20 21:15:22.738] [sharedprocess] [info] Scanned user extensions: 4
[2019-07-20 21:20:23.738] [sharedprocess] [info] Scanned user extensions: 4
[2019-07-20 21:25:24.739] [sharedprocess] [info] Scanned user extensions: 4
[2019-07-20 21:30:25.884] [sharedprocess] [info] Scanned user extensions: 4
[2019-07-20 21:35:26.738] [sharedprocess] [info] Scanned user extensions: 4
[2019-07-20 21:40:27.740] [sharedprocess] [info] Scanned user extensions: 4
[2019-07-20 21:45:28.737] [sharedprocess] [info] Scanned user extensions: 4
[2019-07-20 21:50:29.742] [sharedprocess] [info] Scanned user extensions: 4
[2019-07-20 21:55:30.744] [sharedprocess] [info] Scanned user extensions: 4
[2019-07-20 22:00:31.736] [sharedprocess] [info] Scanned user extensions: 4
[2019-07-20 22:05:32.837] [sharedprocess] [info] Scanned user extensions: 4
[2019-07-20 22:10:33.739] [sharedprocess] [info] Scanned user extensions: 4
[2019-07-20 22:15:34.991] [sharedprocess] [info] Scanned user extensions: 4
[2019-07-20 22:20:35.999] [sharedprocess] [info] Scanned user extensions: 4
[2019-07-20 22:25:37.835] [sharedprocess] [info] Scanned user extensions: 4
[2019-07-20 22:30:38.951] [sharedprocess] [info] Scanned user extensions: 4
[2019-07-20 22:35:39.843] [sharedprocess] [info] Scanned user extensions: 4
[2019-07-20 22:40:40.874] [sharedprocess] [info] Scanned user extensions: 4
[2019-07-20 22:45:41.745] [sharedprocess] [info] Scanned user extensions: 4
[2019-07-20 22:50:42.740] [sharedprocess] [info] Scanned user extensions: 4
[2019-07-20 22:55:43.846] [sharedprocess] [info] Scanned user extensions: 4
[2019-07-20 23:00:44.740] [sharedprocess] [info] Scanned user extensions: 4
[2019-07-20 23:05:45.741] [sharedprocess] [info] Scanned user extensions: 4
[2019-07-20 23:10:46.853] [sharedprocess] [info] Scanned user extensions: 4
[2019-07-20 23:15:47.857] [sharedprocess] [info] Scanned user extensions: 4
[2019-07-20 23:20:49.140] [sharedprocess] [info] Scanned user extensions: 4
[2019-07-20 23:25:49.888] [sharedprocess] [info] Scanned user extensions: 4
[2019-07-20 23:30:50.752] [sharedprocess] [info] Scanned user extensions: 4
[2019-07-20 23:35:51.738] [sharedprocess] [info] Scanned user extensions: 4
[2019-07-20 23:40:52.749] [sharedprocess] [info] Scanned user extensions: 4
[2019-07-20 23:45:53.846] [sharedprocess] [info] Scanned user extensions: 4
[2019-07-20 23:50:54.871] [sharedprocess] [info] Scanned user extensions: 4
[2019-07-20 23:55:55.847] [sharedprocess] [info] Scanned user extensions: 4
[2019-07-21 00:00:56.742] [sharedprocess] [info] Scanned user extensions: 4
[2019-07-21 00:05:57.741] [sharedprocess] [info] Scanned user extensions: 4
[2019-07-21 00:10:58.755] [sharedprocess] [info] Scanned user extensions: 4
[2019-07-21 00:15:59.743] [sharedprocess] [info] Scanned user extensions: 4
[2019-07-21 00:21:00.740] [sharedprocess] [info] Scanned user extensions: 4
[2019-07-21 00:26:01.740] [sharedprocess] [info] Scanned user extensions: 4
[2019-07-21 00:31:02.740] [sharedprocess] [info] Scanned user extensions: 4
[2019-07-21 00:36:03.738] [sharedprocess] [info] Scanned user extensions: 4
[2019-07-21 00:41:04.769] [sharedprocess] [info] Scanned user extensions: 4
[2019-07-21 00:46:05.947] [sharedprocess] [info] Scanned user extensions: 4
[2019-07-21 00:51:06.743] [sharedprocess] [info] Scanned user extensions: 4
[2019-07-21 00:56:07.740] [sharedprocess] [info] Scanned user extensions: 4
[2019-07-21 01:01:08.740] [sharedprocess] [info] Scanned user extensions: 4
[2019-07-21 01:06:09.745] [sharedprocess] [info] Scanned user extensions: 4
[2019-07-21 01:11:10.737] [sharedprocess] [info] Scanned user extensions: 4
[2019-07-21 01:16:11.741] [sharedprocess] [info] Scanned user extensions: 4
[2019-07-21 01:21:12.742] [sharedprocess] [info] Scanned user extensions: 4
[2019-07-21 01:26:13.747] [sharedprocess] [info] Scanned user extensions: 4
[2019-07-21 01:31:14.754] [sharedprocess] [info] Scanned user extensions: 4
[2019-07-21 01:36:15.744] [sharedprocess] [info] Scanned user extensions: 4
[2019-07-21 01:41:16.737] [sharedprocess] [info] Scanned user extensions: 4
[2019-07-21 01:46:17.961] [sharedprocess] [info] Scanned user extensions: 4
[2019-07-21 01:51:18.740] [sharedprocess] [info] Scanned user extensions: 4
[2019-07-21 01:56:19.740] [sharedprocess] [info] Scanned user extensions: 4
[2019-07-21 02:01:20.738] [sharedprocess] [info] Scanned user extensions: 4
[2019-07-21 02:06:21.739] [sharedprocess] [info] Scanned user extensions: 4
[2019-07-21 02:11:22.747] [sharedprocess] [info] Scanned user extensions: 4
[2019-07-21 02:16:23.746] [sharedprocess] [info] Scanned user extensions: 4
[2019-07-21 02:21:24.741] [sharedprocess] [info] Scanned user extensions: 4
[2019-07-21 02:26:25.742] [sharedprocess] [info] Scanned user extensions: 4
[2019-07-21 02:31:26.742] [sharedprocess] [info] Scanned user extensions: 4
[2019-07-21 02:36:27.702] [sharedprocess] [info] Scanned user extensions: 4
[2019-07-21 02:41:27.743] [sharedprocess] [info] Scanned user extensions: 4
[2019-07-21 02:46:28.737] [sharedprocess] [info] Scanned user extensions: 4
[2019-07-21 02:51:29.740] [sharedprocess] [info] Scanned user extensions: 4
[2019-07-21 02:56:29.770] [sharedprocess] [info] Scanned user extensions: 4
[2019-07-21 03:01:30.541] [sharedprocess] [info] Scanned user extensions: 4
[2019-07-21 03:06:31.680] [sharedprocess] [info] Scanned user extensions: 4
[2019-07-21 03:11:31.771] [sharedprocess] [info] Scanned user extensions: 4
[2019-07-21 03:16:32.748] [sharedprocess] [info] Scanned user extensions: 4
[2019-07-21 03:24:13.119] [sharedprocess] [info] Scanned user extensions: 4
[2019-07-21 03:29:13.311] [sharedprocess] [info] Scanned user extensions: 4
