Looking for git in: git
Using git 2.22.0 from git
> git rev-parse --show-toplevel
> git config --get commit.template
Open repository: /home/zubair/Documents/Extras/SraFavour/angelsite
> git status -z -u
> git symbolic-ref --short HEAD
> git rev-parse master
> git rev-parse --symbolic-full-name master@{u}
fatal: no upstream configured for branch 'master'
> git for-each-ref --format %(refname) %(objectname) --sort -committerdate
> git remote --verbose
> git check-ignore -v -z --stdin
> git show :_includes/themes/bootstrap/nav-bar.html
> git check-ignore -v -z --stdin
> git show :_includes/themes/bootstrap/footer.html
> git show :_includes/themes/bootstrap/altdef.html
> git show :teampage.html
> git check-ignore -v -z --stdin
> git show :TODO.md
> git show :404.html
